info it worked if it ends with ok
verbose cli [ 'node', '/usr/local/bin/npm', 'install', 'haml-js' ]
info using npm@1.1.0-2
info using node@v0.6.7
verbose /usr/local/bin/node node symlink
verbose config file /Users/mwheeler/.npmrc
verbose config file /usr/local/etc/npmrc
verbose config file /usr/local/lib/node_modules/npm/npmrc
verbose caching /Users/mwheeler/Dropbox/code/node_modules/express/package.json
verbose loadDefaults express@2.5.6
verbose caching /Users/mwheeler/Dropbox/code/node_modules/backbone/package.json
verbose loadDefaults backbone@0.5.3
verbose caching /Users/mwheeler/Dropbox/code/node_modules/js-yaml/package.json
verbose loadDefaults js-yaml@0.3.5
verbose caching /Users/mwheeler/Dropbox/code/node_modules/ender/package.json
verbose loadDefaults ender@0.8.3
verbose cache add [ 'haml-js', null ]
silly cache add: name, spec, args [ undefined, 'haml-js', [ 'haml-js', null ] ]
verbose parsed url { pathname: 'haml-js', path: 'haml-js', href: 'haml-js' }
verbose addNamed [ 'haml-js', '' ]
verbose addNamed [ null, '' ]
silly name, range, hasData [ 'haml-js', '', false ]
verbose raw, before any munging haml-js
verbose url resolving [ 'https://registry.npmjs.org/', './haml-js' ]
verbose url resolved https://registry.npmjs.org/haml-js
http GET https://registry.npmjs.org/haml-js
http 404 https://registry.npmjs.org/haml-js
silly get cb [ 404,
silly get cb   { server: 'CouchDB/1.1.0 (Erlang OTP/R14B04)',
silly get cb     date: 'Tue, 21 Feb 2012 20:38:46 GMT',
silly get cb     'content-type': 'application/json',
silly get cb     'content-length': '52',
silly get cb     'cache-control': 'must-revalidate' } ]
ERR! 404 'haml-js' is not in the npm registry.
ERR! 404 You should bug the author to publish it
ERR! 404 Maybe try 'npm search haml'
ERR! 404 Note that you can also install from a
ERR! 404 tarball, folder, or http url, or git url.
ERR! 
ERR! System Darwin 11.3.0
ERR! command "node" "/usr/local/bin/npm" "install" "haml-js"
ERR! cwd /Users/mwheeler/Dropbox/code/tapjoyserver/tapjoyads/public/javascripts/games/src
ERR! node -v v0.6.7
ERR! npm -v 1.1.0-2
ERR! code E404
ERR! message 404 Not Found: haml-js
ERR! errno {}
verbose exit [ 1, true ]
